0 info it worked if it ends with ok
1 verbose cli [ 'node',
1 verbose cli   '/usr/local/bin/npm',
1 verbose cli   'install',
1 verbose cli   '--save',
1 verbose cli   'git+ssh://git@github.com:portlandcodeschool/jsi-gamelib.git' ]
2 info using npm@2.1.17
3 info using node@v0.10.35
4 verbose node symlink /usr/local/bin/node
5 silly cache add args [ 'git+ssh://git@github.com:portlandcodeschool/jsi-gamelib.git',
5 silly cache add   null ]
6 verbose cache add spec git+ssh://git@github.com:portlandcodeschool/jsi-gamelib.git
7 silly cache add parsed spec { raw: 'git+ssh://git@github.com:portlandcodeschool/jsi-gamelib.git',
7 silly cache add   scope: null,
7 silly cache add   name: null,
7 silly cache add   rawSpec: 'git+ssh://git@github.com:portlandcodeschool/jsi-gamelib.git',
7 silly cache add   spec: 'ssh://git@github.com:portlandcodeschool/jsi-gamelib.git',
7 silly cache add   type: 'git' }
8 verbose addRemoteGit u="ssh://git@github.com:portlandcodeschool/jsi-gamelib.git" silent=false
9 silly addRemoteGit normalized { url: 'ssh://git@github.com/portlandcodeschool/jsi-gamelib.git',
9 silly addRemoteGit   branch: 'master' }
10 silly addRemoteGit v ssh-git-github-com-portlandcodeschool-jsi-gamelib-git-3a740725
11 verbose addRemoteGit /Users/pcsstudent/.npm/_git-remotes/ssh-git-github-com-portlandcodeschool-jsi-gamelib-git-3a740725 not in flight; cloning
12 info git [ 'clone',
12 info git   '--template=/Users/pcsstudent/.npm/_git-remotes/_templates',
12 info git   '--mirror',
12 info git   'ssh://git@github.com/portlandcodeschool/jsi-gamelib.git',
12 info git   '/Users/pcsstudent/.npm/_git-remotes/ssh-git-github-com-portlandcodeschool-jsi-gamelib-git-3a740725' ]
13 error git clone ssh://git@github.com/portlandcodeschool/jsi-gamelib.git Cloning into bare repository '/Users/pcsstudent/.npm/_git-remotes/ssh-git-github-com-portlandcodeschool-jsi-gamelib-git-3a740725'...
13 error git clone ssh://git@github.com/portlandcodeschool/jsi-gamelib.git Warning: Permanently added 'github.com,192.30.252.129' (RSA) to the list of known hosts.
13 error git clone ssh://git@github.com/portlandcodeschool/jsi-gamelib.git Permission denied (publickey).
13 error git clone ssh://git@github.com/portlandcodeschool/jsi-gamelib.git fatal: Could not read from remote repository.
13 error git clone ssh://git@github.com/portlandcodeschool/jsi-gamelib.git
13 error git clone ssh://git@github.com/portlandcodeschool/jsi-gamelib.git Please make sure you have the correct access rights
13 error git clone ssh://git@github.com/portlandcodeschool/jsi-gamelib.git and the repository exists.
14 verbose stack Error: Command failed: Cloning into bare repository '/Users/pcsstudent/.npm/_git-remotes/ssh-git-github-com-portlandcodeschool-jsi-gamelib-git-3a740725'...
14 verbose stack Warning: Permanently added 'github.com,192.30.252.129' (RSA) to the list of known hosts.
14 verbose stack Permission denied (publickey).
14 verbose stack fatal: Could not read from remote repository.
14 verbose stack
14 verbose stack Please make sure you have the correct access rights
14 verbose stack and the repository exists.
14 verbose stack
14 verbose stack     at ChildProcess.exithandler (child_process.js:658:15)
14 verbose stack     at ChildProcess.emit (events.js:98:17)
14 verbose stack     at maybeClose (child_process.js:766:16)
14 verbose stack     at Socket.<anonymous> (child_process.js:979:11)
14 verbose stack     at Socket.emit (events.js:95:17)
14 verbose stack     at Pipe.close (net.js:466:12)
15 verbose cwd /Users/pcsstudent/Desktop/JSImmersion/JS5thDay
16 error Darwin 13.4.0
17 error argv "node" "/usr/local/bin/npm" "install" "--save" "git+ssh://git@github.com:portlandcodeschool/jsi-gamelib.git"
18 error node v0.10.35
19 error npm  v2.1.17
20 error code 128
21 error Command failed: Cloning into bare repository '/Users/pcsstudent/.npm/_git-remotes/ssh-git-github-com-portlandcodeschool-jsi-gamelib-git-3a740725'...
21 error Warning: Permanently added 'github.com,192.30.252.129' (RSA) to the list of known hosts.
21 error Permission denied (publickey).
21 error fatal: Could not read from remote repository.
21 error
21 error Please make sure you have the correct access rights
21 error and the repository exists.
22 error If you need help, you may report this error at:
22 error     <http://github.com/npm/npm/issues>
23 verbose exit [ 1, true ]
